\BOOKMARK [0][-]{chapter*.4}{Voorwoord}{}% 1
\BOOKMARK [0][-]{chapter*.6}{Samenvatting}{}% 2
\BOOKMARK [0][-]{chapter.1}{Inleiding}{}% 3
\BOOKMARK [0][-]{chapter.2}{Opdrachtanalyse}{}% 4
\BOOKMARK [1][-]{section.2.1}{Ontwerp uitdagingen}{chapter.2}% 5
\BOOKMARK [1][-]{section.2.2}{Functieanalyse}{chapter.2}% 6
\BOOKMARK [1][-]{section.2.3}{Ingewonnen informatie}{chapter.2}% 7
\BOOKMARK [1][-]{section.2.4}{Programma van eisen}{chapter.2}% 8
\BOOKMARK [1][-]{section.2.5}{Prestatie criteria}{chapter.2}% 9
\BOOKMARK [0][-]{chapter.3}{Idee ontwikkeling}{}% 10
\BOOKMARK [1][-]{section.3.1}{Creatief proces}{chapter.3}% 11
\BOOKMARK [2][-]{subsection.3.1.1}{ACCREx}{section.3.1}% 12
\BOOKMARK [2][-]{subsection.3.1.2}{Bio inspired design}{section.3.1}% 13
\BOOKMARK [2][-]{subsection.3.1.3}{Morfologische kaart}{section.3.1}% 14
\BOOKMARK [1][-]{section.3.2}{Deel ontwerpen}{chapter.3}% 15
\BOOKMARK [1][-]{section.3.3}{Spuugmodellen}{chapter.3}% 16
\BOOKMARK [2][-]{subsection.3.3.1}{gekozen spuug modellen}{section.3.3}% 17
\BOOKMARK [2][-]{subsection.3.3.2}{Evaluatie spuug modellen}{section.3.3}% 18
\BOOKMARK [1][-]{section.3.4}{Uitgewerkte concepten}{chapter.3}% 19
\BOOKMARK [2][-]{subsection.3.4.1}{concept 1: Mantis Car}{section.3.4}% 20
\BOOKMARK [2][-]{subsection.3.4.2}{concept 2: Uitschuiver}{section.3.4}% 21
\BOOKMARK [2][-]{subsection.3.4.3}{Concept 3: Inklapper}{section.3.4}% 22
\BOOKMARK [2][-]{subsection.3.4.4}{Concept 4: vierpoter}{section.3.4}% 23
\BOOKMARK [0][-]{chapter.4}{Concept Keuze}{}% 24
\BOOKMARK [1][-]{section.4.1}{Gewogen criteria methode}{chapter.4}% 25
\BOOKMARK [2][-]{subsection.4.1.1}{Weging criteria}{section.4.1}% 26
\BOOKMARK [2][-]{subsection.4.1.2}{Gegeven scores}{section.4.1}% 27
\BOOKMARK [1][-]{section.4.2}{Keuze van Concept}{chapter.4}% 28
\BOOKMARK [0][-]{chapter.5}{Gekozen concept}{}% 29
\BOOKMARK [1][-]{section.5.1}{verbeterrichtingen}{chapter.5}% 30
\BOOKMARK [1][-]{section.5.2}{Veiligheidssanalyse en faalanalyse concept}{chapter.5}% 31
\BOOKMARK [2][-]{subsection.5.2.1}{Veiligheidsanalyse}{section.5.2}% 32
\BOOKMARK [2][-]{subsection.5.2.2}{Faalanalyse}{section.5.2}% 33
\BOOKMARK [1][-]{section.5.3}{Verbeterd concept}{chapter.5}% 34
\BOOKMARK [0][-]{chapter.6}{Conceptdimensionering}{}% 35
\BOOKMARK [1][-]{section.6.1}{Kritische onderdelen.}{chapter.6}% 36
\BOOKMARK [2][-]{subsection.6.1.1}{De onderdelen met toelichting.}{section.6.1}% 37
\BOOKMARK [2][-]{subsection.6.1.2}{Werking en functie kritische onderdelen.}{section.6.1}% 38
\BOOKMARK [2][-]{subsection.6.1.3}{Berekeningen en dimensionering}{section.6.1}% 39
\BOOKMARK [1][-]{section.6.2}{Maak- en kooplijst}{chapter.6}% 40
\BOOKMARK [1][-]{section.6.3}{Bestellijst.}{chapter.6}% 41
\BOOKMARK [0][-]{chapter.7}{Vervaardigingsplan}{}% 42
\BOOKMARK [1][-]{section.7.1}{Benodigde materialen}{chapter.7}% 43
\BOOKMARK [1][-]{section.7.2}{Lasersnijden}{chapter.7}% 44
\BOOKMARK [1][-]{section.7.3}{Lassen}{chapter.7}% 45
\BOOKMARK [1][-]{section.7.4}{Frezen}{chapter.7}% 46
\BOOKMARK [1][-]{section.7.5}{Overige processen}{chapter.7}% 47
\BOOKMARK [1][-]{section.7.6}{Tijdsplanning vervaardiging}{chapter.7}% 48
\BOOKMARK [0][-]{chapter.8}{Prestatie verwachtingen}{}% 49
\BOOKMARK [1][-]{section.8.1}{Presentatie van het ontwerp}{chapter.8}% 50
\BOOKMARK [1][-]{section.8.2}{Verwachte eigenschappen en prestaties}{chapter.8}% 51
\BOOKMARK [2][-]{subsection.8.2.1}{Het gewicht van het pakket hondje}{section.8.2}% 52
\BOOKMARK [2][-]{subsection.8.2.2}{De snelheid van het nemen van een talud}{section.8.2}% 53
\BOOKMARK [2][-]{subsection.8.2.3}{De snelheid van het nemen van de hindernisbaan}{section.8.2}% 54
\BOOKMARK [2][-]{subsection.8.2.4}{De stabiliteit tijdens het rijden}{section.8.2}% 55
\BOOKMARK [2][-]{subsection.8.2.5}{De stabiliteit tijdens het nemen van een talud}{section.8.2}% 56
\BOOKMARK [2][-]{subsection.8.2.6}{De benodigde hoeveelheid energie}{section.8.2}% 57
\BOOKMARK [2][-]{subsection.8.2.7}{Het pakketje moet voldoen aan de CE-norm}{section.8.2}% 58
\BOOKMARK [1][-]{section.8.3}{veiligheidsanalyse}{chapter.8}% 59
\BOOKMARK [0][-]{chapter.9}{Conclusie}{}% 60
\BOOKMARK [0][-]{chapter.10}{Literatuurlijst}{}% 61
\BOOKMARK [0][-]{appendix.A}{ACCREX}{}% 62
\BOOKMARK [0][-]{appendix.B}{Morfologische kaart}{}% 63
\BOOKMARK [0][-]{appendix.C}{Gewogen criteria methode}{}% 64
\BOOKMARK [0][-]{appendix.D}{Ingewonnen informatie}{}% 65
\BOOKMARK [1][-]{section.D.1}{Elektra prijzen}{appendix.D}% 66
\BOOKMARK [2][-]{subsection.D.1.1}{Accu prijzen}{section.D.1}% 67
\BOOKMARK [2][-]{subsection.D.1.2}{Elektromotor prijzen}{section.D.1}% 68
\BOOKMARK [1][-]{section.D.2}{Bestaande mechanismes met dezelfde functie.}{appendix.D}% 69
\BOOKMARK [1][-]{section.D.3}{Mogelijke stuursystemen.}{appendix.D}% 70
\BOOKMARK [0][-]{appendix.E}{Tekeningen Eindconcept}{}% 71
\BOOKMARK [0][-]{appendix.F}{Python scripts}{}% 72
\BOOKMARK [1][-]{section.F.1}{wielassen.}{appendix.F}% 73
\BOOKMARK [1][-]{section.F.2}{Schaarliften}{appendix.F}% 74
\BOOKMARK [1][-]{section.F.3}{U-profiel aan de onderkant van de kar}{appendix.F}% 75
\BOOKMARK [0][-]{appendix.G}{Specificaties koop delen}{}% 76
